[1;33mRecycle Bin not found. Initializing automatically...[0m
[0;32mRecycle bin successfully initialized at:[0m /home/tiago/BernardoTiago_RecycleBin
[0;32mSuccess:[0m 'file_100.txt' moved to RecycleBin (ID: 1761390993522956984_3pqzkl).
[0;32mSuccess:[0m 'file_101.txt' moved to RecycleBin (ID: 1761390993546646331_7mfsdx).
[0;32mSuccess:[0m 'file_10.txt' moved to RecycleBin (ID: 1761390993567191712_p3n941).
[0;32mSuccess:[0m 'file_11.txt' moved to RecycleBin (ID: 1761390993589035252_7uflpt).
[0;32mSuccess:[0m 'file_12.txt' moved to RecycleBin (ID: 1761390993611444683_0ttnd1).
[0;32mSuccess:[0m 'file_13.txt' moved to RecycleBin (ID: 1761390993633727970_igqb5v).
[0;32mSuccess:[0m 'file_14.txt' moved to RecycleBin (ID: 1761390993655972185_z594qx).
[0;32mSuccess:[0m 'file_15.txt' moved to RecycleBin (ID: 1761390993676830055_25s4y0).
[0;32mSuccess:[0m 'file_16.txt' moved to RecycleBin (ID: 1761390993697965271_j3k3v7).
[0;32mSuccess:[0m 'file_17.txt' moved to RecycleBin (ID: 1761390993720392204_3bwig2).
[0;32mSuccess:[0m 'file_18.txt' moved to RecycleBin (ID: 1761390993744295819_72t2ll).
[0;32mSuccess:[0m 'file_19.txt' moved to RecycleBin (ID: 1761390993766738432_4w7eif).
[0;32mSuccess:[0m 'file_1.txt' moved to RecycleBin (ID: 1761390993788510229_wsinit).
[0;32mSuccess:[0m 'file_20.txt' moved to RecycleBin (ID: 1761390993808647773_8giej8).
[0;32mSuccess:[0m 'file_21.txt' moved to RecycleBin (ID: 1761390993829119667_bk8p1z).
[0;32mSuccess:[0m 'file_22.txt' moved to RecycleBin (ID: 1761390993852946640_bmk4cw).
[0;32mSuccess:[0m 'file_23.txt' moved to RecycleBin (ID: 1761390993875612597_1mx4tg).
[0;32mSuccess:[0m 'file_24.txt' moved to RecycleBin (ID: 1761390993896650852_7k37k1).
[0;32mSuccess:[0m 'file_25.txt' moved to RecycleBin (ID: 1761390993918009122_0vcy6y).
[0;32mSuccess:[0m 'file_26.txt' moved to RecycleBin (ID: 1761390993939605714_pbuapa).
[0;32mSuccess:[0m 'file_27.txt' moved to RecycleBin (ID: 1761390993962410108_an0hwi).
[0;32mSuccess:[0m 'file_28.txt' moved to RecycleBin (ID: 1761390993984592638_605ofu).
[0;32mSuccess:[0m 'file_29.txt' moved to RecycleBin (ID: 1761390994006428024_x5jrgw).
[0;32mSuccess:[0m 'file_2.txt' moved to RecycleBin (ID: 1761390994027997445_97yt77).
[0;32mSuccess:[0m 'file_30.txt' moved to RecycleBin (ID: 1761390994049961118_b6zjku).
[0;32mSuccess:[0m 'file_31.txt' moved to RecycleBin (ID: 1761390994071417730_nreu93).
[0;32mSuccess:[0m 'file_32.txt' moved to RecycleBin (ID: 1761390994093199556_mhqut0).
[0;32mSuccess:[0m 'file_33.txt' moved to RecycleBin (ID: 1761390994116876320_6d74ym).
[0;32mSuccess:[0m 'file_34.txt' moved to RecycleBin (ID: 1761390994141218649_xk5cq9).
[0;32mSuccess:[0m 'file_35.txt' moved to RecycleBin (ID: 1761390994163447855_x45y05).
[0;32mSuccess:[0m 'file_36.txt' moved to RecycleBin (ID: 1761390994182919622_fqbsp5).
[0;32mSuccess:[0m 'file_37.txt' moved to RecycleBin (ID: 1761390994204543635_ap3yex).
[0;32mSuccess:[0m 'file_38.txt' moved to RecycleBin (ID: 1761390994227425603_rd3j85).
[0;32mSuccess:[0m 'file_39.txt' moved to RecycleBin (ID: 1761390994247278217_0ewufe).
[0;32mSuccess:[0m 'file_3.txt' moved to RecycleBin (ID: 1761390994268355916_m7hmyd).
[0;32mSuccess:[0m 'file_40.txt' moved to RecycleBin (ID: 1761390994290811522_oxh3t7).
[0;32mSuccess:[0m 'file_41.txt' moved to RecycleBin (ID: 1761390994311789566_14vi59).
[0;32mSuccess:[0m 'file_42.txt' moved to RecycleBin (ID: 1761390994335719810_v4yxmm).
[0;32mSuccess:[0m 'file_43.txt' moved to RecycleBin (ID: 1761390994357634312_lxlhno).
[0;32mSuccess:[0m 'file_44.txt' moved to RecycleBin (ID: 1761390994379030472_ew5ev3).
[0;32mSuccess:[0m 'file_45.txt' moved to RecycleBin (ID: 1761390994400574797_bao1ij).
[0;32mSuccess:[0m 'file_46.txt' moved to RecycleBin (ID: 1761390994423263566_k6dpmv).
[0;32mSuccess:[0m 'file_47.txt' moved to RecycleBin (ID: 1761390994445770508_o9rx1b).
[0;32mSuccess:[0m 'file_48.txt' moved to RecycleBin (ID: 1761390994467542195_l7mtha).
[0;32mSuccess:[0m 'file_49.txt' moved to RecycleBin (ID: 1761390994490463886_elnwll).
[0;32mSuccess:[0m 'file_4.txt' moved to RecycleBin (ID: 1761390994510936532_p8xv2m).
[0;32mSuccess:[0m 'file_50.txt' moved to RecycleBin (ID: 1761390994533687857_77sr9e).
[0;32mSuccess:[0m 'file_51.txt' moved to RecycleBin (ID: 1761390994556191703_cv721q).
[0;32mSuccess:[0m 'file_52.txt' moved to RecycleBin (ID: 1761390994579267802_wxtxzl).
[0;32mSuccess:[0m 'file_53.txt' moved to RecycleBin (ID: 1761390994603646769_m1853i).
[0;32mSuccess:[0m 'file_54.txt' moved to RecycleBin (ID: 1761390994625948540_ehz9tt).
[0;32mSuccess:[0m 'file_55.txt' moved to RecycleBin (ID: 1761390994648907611_x3pwed).
[0;32mSuccess:[0m 'file_56.txt' moved to RecycleBin (ID: 1761390994669908597_crqh00).
[0;32mSuccess:[0m 'file_57.txt' moved to RecycleBin (ID: 1761390994691608451_bixgsv).
[0;32mSuccess:[0m 'file_58.txt' moved to RecycleBin (ID: 1761390994710730839_xcudnt).
[0;32mSuccess:[0m 'file_59.txt' moved to RecycleBin (ID: 1761390994733944323_d3u0xt).
[0;32mSuccess:[0m 'file_5.txt' moved to RecycleBin (ID: 1761390994753920767_p5j8zd).
[0;32mSuccess:[0m 'file_60.txt' moved to RecycleBin (ID: 1761390994775185473_9fryzr).
[0;32mSuccess:[0m 'file_61.txt' moved to RecycleBin (ID: 1761390994797681835_vvbx4x).
[0;32mSuccess:[0m 'file_62.txt' moved to RecycleBin (ID: 1761390994818402240_1n22vx).
[0;32mSuccess:[0m 'file_63.txt' moved to RecycleBin (ID: 1761390994842125841_z6h3vz).
[0;32mSuccess:[0m 'file_64.txt' moved to RecycleBin (ID: 1761390994860983698_ccpg0y).
[0;32mSuccess:[0m 'file_65.txt' moved to RecycleBin (ID: 1761390994882760314_c6hjc3).
[0;32mSuccess:[0m 'file_66.txt' moved to RecycleBin (ID: 1761390994904110078_gkgutt).
[0;32mSuccess:[0m 'file_67.txt' moved to RecycleBin (ID: 1761390994924527281_3faqii).
[0;32mSuccess:[0m 'file_68.txt' moved to RecycleBin (ID: 1761390994946436362_wugvlo).
[0;32mSuccess:[0m 'file_69.txt' moved to RecycleBin (ID: 1761390994968354341_hzrrky).
[0;32mSuccess:[0m 'file_6.txt' moved to RecycleBin (ID: 1761390994990318966_9c72jr).
[0;32mSuccess:[0m 'file_70.txt' moved to RecycleBin (ID: 1761390995012149773_d38jyw).
[0;32mSuccess:[0m 'file_71.txt' moved to RecycleBin (ID: 1761390995035272147_sop8zl).
[0;32mSuccess:[0m 'file_72.txt' moved to RecycleBin (ID: 1761390995057105468_entwy5).
[0;32mSuccess:[0m 'file_73.txt' moved to RecycleBin (ID: 1761390995077361801_mm537w).
[0;32mSuccess:[0m 'file_74.txt' moved to RecycleBin (ID: 1761390995098240340_aem1ln).
[0;32mSuccess:[0m 'file_75.txt' moved to RecycleBin (ID: 1761390995119346691_ur72kk).
[0;32mSuccess:[0m 'file_76.txt' moved to RecycleBin (ID: 1761390995140709299_myzdeo).
[0;32mSuccess:[0m 'file_77.txt' moved to RecycleBin (ID: 1761390995161335619_pposon).
[0;32mSuccess:[0m 'file_78.txt' moved to RecycleBin (ID: 1761390995185250444_035tld).
[0;32mSuccess:[0m 'file_79.txt' moved to RecycleBin (ID: 1761390995206666080_n4hzag).
[0;32mSuccess:[0m 'file_7.txt' moved to RecycleBin (ID: 1761390995227766521_bq7qy4).
[0;32mSuccess:[0m 'file_80.txt' moved to RecycleBin (ID: 1761390995251635891_8v9ucb).
[0;32mSuccess:[0m 'file_81.txt' moved to RecycleBin (ID: 1761390995272950940_24ocoo).
[0;32mSuccess:[0m 'file_82.txt' moved to RecycleBin (ID: 1761390995295824452_1kc4we).
[0;32mSuccess:[0m 'file_83.txt' moved to RecycleBin (ID: 1761390995318406894_vdink8).
[0;32mSuccess:[0m 'file_84.txt' moved to RecycleBin (ID: 1761390995340962175_fx0uv7).
[0;32mSuccess:[0m 'file_85.txt' moved to RecycleBin (ID: 1761390995363848131_payyn8).
[0;32mSuccess:[0m 'file_86.txt' moved to RecycleBin (ID: 1761390995383926343_c7ihi9).
[0;32mSuccess:[0m 'file_87.txt' moved to RecycleBin (ID: 1761390995405952462_816ofl).
[0;32mSuccess:[0m 'file_88.txt' moved to RecycleBin (ID: 1761390995427807354_49fdt4).
[0;32mSuccess:[0m 'file_89.txt' moved to RecycleBin (ID: 1761390995448932981_sxaytu).
[0;32mSuccess:[0m 'file_8.txt' moved to RecycleBin (ID: 1761390995471873217_qp0xp8).
[0;32mSuccess:[0m 'file_90.txt' moved to RecycleBin (ID: 1761390995493540740_hn4ufl).
[0;32mSuccess:[0m 'file_91.txt' moved to RecycleBin (ID: 1761390995514956546_quc00s).
[0;32mSuccess:[0m 'file_92.txt' moved to RecycleBin (ID: 1761390995535812242_yogb0o).
[0;32mSuccess:[0m 'file_93.txt' moved to RecycleBin (ID: 1761390995558889012_xamnt4).
[0;32mSuccess:[0m 'file_94.txt' moved to RecycleBin (ID: 1761390995581181435_t35h6z).
[0;32mSuccess:[0m 'file_95.txt' moved to RecycleBin (ID: 1761390995604153480_ncdpc2).
[0;32mSuccess:[0m 'file_96.txt' moved to RecycleBin (ID: 1761390995627997875_nizzpc).
[0;32mSuccess:[0m 'file_97.txt' moved to RecycleBin (ID: 1761390995651031664_dtgi84).
[0;32mSuccess:[0m 'file_98.txt' moved to RecycleBin (ID: 1761390995673987429_pre28p).
[0;32mSuccess:[0m 'file_99.txt' moved to RecycleBin (ID: 1761390995695738077_exy1i3).
[0;32mSuccess:[0m 'file_9.txt' moved to RecycleBin (ID: 1761390995718050076_knaqp4).
